[2025-03-22 13:31:21] Database query failed: SQLSTATE[42000]: Syntax error or access violation: 1064 You have an error in your SQL syntax; check the manual that corresponds to your MariaDB server version for the right syntax to use near ''3'' at line 8 - SQL: SELECT DISTINCT p.* FROM blog_posts p
            JOIN post_categories pc ON p.id = pc.post_id
            WHERE pc.category_id IN (?,?)
            AND p.id != ?
            AND p.status = 'published'
            AND p.published_at <= NOW()
            ORDER BY p.published_at DESC
            LIMIT ?
[2025-03-22 13:31:21] Database query failed: SQLSTATE[42000]: Syntax error or access violation: 1064 You have an error in your SQL syntax; check the manual that corresponds to your MariaDB server version for the right syntax to use near ''3'' at line 8 - SQL: SELECT DISTINCT p.* FROM blog_posts p
            JOIN post_categories pc ON p.id = pc.post_id
            WHERE pc.category_id IN (?,?)
            AND p.id != ?
            AND p.status = 'published'
            AND p.published_at <= NOW()
            ORDER BY p.published_at DESC
            LIMIT ?
[2025-03-22 13:31:39] Database query failed: SQLSTATE[42000]: Syntax error or access violation: 1064 You have an error in your SQL syntax; check the manual that corresponds to your MariaDB server version for the right syntax to use near ''5'' at line 4 - SQL: SELECT * FROM blog_posts 
            WHERE status = 'published' AND published_at <= NOW() 
            ORDER BY published_at DESC 
            LIMIT ?
[2025-03-22 13:31:39] Database query failed: SQLSTATE[42000]: Syntax error or access violation: 1064 You have an error in your SQL syntax; check the manual that corresponds to your MariaDB server version for the right syntax to use near ''5'' at line 4 - SQL: SELECT * FROM blog_posts 
            WHERE status = 'published' AND published_at <= NOW() 
            ORDER BY published_at DESC 
            LIMIT ?
[2025-03-22 13:31:50] Database query failed: SQLSTATE[42000]: Syntax error or access violation: 1064 You have an error in your SQL syntax; check the manual that corresponds to your MariaDB server version for the right syntax to use near ''3'' at line 8 - SQL: SELECT DISTINCT p.* FROM blog_posts p
            JOIN post_categories pc ON p.id = pc.post_id
            WHERE pc.category_id IN (?,?)
            AND p.id != ?
            AND p.status = 'published'
            AND p.published_at <= NOW()
            ORDER BY p.published_at DESC
            LIMIT ?
[2025-03-22 13:33:31] Database query failed: SQLSTATE[42000]: Syntax error or access violation: 1064 You have an error in your SQL syntax; check the manual that corresponds to your MariaDB server version for the right syntax to use near ''5'' at line 4 - SQL: SELECT * FROM blog_posts 
            WHERE status = 'published' AND published_at <= NOW() 
            ORDER BY published_at DESC 
            LIMIT ?
[2025-03-22 13:33:44] Database query failed: SQLSTATE[42000]: Syntax error or access violation: 1064 You have an error in your SQL syntax; check the manual that corresponds to your MariaDB server version for the right syntax to use near ''5'' at line 4 - SQL: SELECT * FROM blog_posts 
            WHERE status = 'published' AND published_at <= NOW() 
            ORDER BY published_at DESC 
            LIMIT ?
[2025-03-22 13:34:05] Database query failed: SQLSTATE[42000]: Syntax error or access violation: 1064 You have an error in your SQL syntax; check the manual that corresponds to your MariaDB server version for the right syntax to use near ''5'' at line 4 - SQL: SELECT * FROM blog_posts 
            WHERE status = 'published' AND published_at <= NOW() 
            ORDER BY published_at DESC 
            LIMIT ?
[2025-03-22 13:35:12] Database query failed: SQLSTATE[42000]: Syntax error or access violation: 1064 You have an error in your SQL syntax; check the manual that corresponds to your MariaDB server version for the right syntax to use near ''5'' at line 4 - SQL: SELECT * FROM blog_posts 
            WHERE status = 'published' AND published_at <= NOW() 
            ORDER BY published_at DESC 
            LIMIT ?
[2025-03-22 13:44:15] Failed admin login attempt for username: admin
[2025-03-22 13:44:26] Failed admin login attempt for username: admin
[2025-03-22 13:50:29] Failed admin login attempt for username: admin
[2025-03-22 13:50:34] Failed admin login attempt for username: admin
[2025-03-22 13:51:47] Failed admin login attempt for username: admin
[2025-03-22 13:51:50] Failed admin login attempt for username: admin
[2025-03-22 13:55:59] Failed admin login attempt for username: admin
[2025-03-22 13:58:51] Failed admin login attempt for username: admin
[2025-03-22 14:03:20] Admin login successful: admin
[2025-03-22 14:08:31] Admin login successful: admin
